  main.cpp
C:\Users\arkad\Documents\DEADSHOT FILES\C++ Programs\SFML\TESTS\Rocket_Rush\Rocket_Rush\main.cpp(7,12): warning C4244: 'argument': conversion from 'time_t' to 'unsigned int', possible loss of data
C:\Users\arkad\Documents\DEADSHOT FILES\C++ Programs\SFML\TESTS\Rocket_Rush\Rocket_Rush\main.cpp(59,91): warning C4244: 'argument': conversion from 'T' to 'T', possible loss of data
          with
          [
              T=int
          ]
          and
          [
              T=float
          ]
C:\Users\arkad\Documents\DEADSHOT FILES\C++ Programs\SFML\TESTS\Rocket_Rush\Rocket_Rush\main.cpp(59,57): warning C4244: 'argument': conversion from 'T' to 'T', possible loss of data
          with
          [
              T=int
          ]
          and
          [
              T=float
          ]
  Generating code
  1 of 269 functions ( 0.4%) were compiled, the rest were copied from previous compilation.
    0 functions were new in current compilation
    0 functions had inline decision re-evaluated but remain unchanged
  Finished generating code
  Rocket_Rush.vcxproj -> C:\Users\arkad\Documents\DEADSHOT FILES\C++ Programs\SFML\TESTS\Rocket_Rush\Release\Rocket_Rush.exe
